Arguments: 
  /home/mw/.nvm/versions/node/v10.17.0/bin/node /home/mw/.nvm/versions/node/v10.17.0/bin/yarn init

PATH: 
  /home/mw/go/bin:/usr/local/go/bin:/home/mw/.nvm/versions/node/v10.17.0/bin:/usr/local/sbin:/usr/local/bin:/usr/sbin:/usr/bin:/sbin:/bin:/usr/games:/usr/local/games:/mnt/c/Windows/System32:/mnt/c/Windows:/mnt/c/Windows/System32/wbem:/mnt/c/Windows/System32/WindowsPowerShell/v1.0/:/mnt/c/Windows/System32/OpenSSH/:/mnt/c/ProgramData/chocolatey/bin:/mnt/c/Program Files (x86)/GnuPG/bin:/mnt/c/tools/Go/bin:/mnt/c/Program Files/OpenJDK/jdk-12.0.1/bin:/mnt/c/Program Files/OpenJDK/jdk-12.0.2/bin:/mnt/c/Program Files/OpenJDK/jdk-13/bin:/mnt/c/Program Files/Git/cmd:/mnt/c/WINDOWS/system32:/mnt/c/WINDOWS:/mnt/c/WINDOWS/System32/Wbem:/mnt/c/WINDOWS/System32/WindowsPowerShell/v1.0/:/mnt/c/WINDOWS/System32/OpenSSH/:/mnt/c/Program Files/Amazon/AWSCLI/bin/:/mnt/c/Program Files (x86)/Yarn/bin/:/mnt/c/Program Files/Microsoft VS Code/bin:/mnt/c/Program Files/Docker/Docker/resources/bin:/mnt/c/ProgramData/DockerDesktop/version-bin:/mnt/c/Program Files/PowerShell/7/:/mnt/c/Program Files/Amazon/AWSCLIV2/:/mnt/c/Program Files/nodejs/:/mnt/c/Program Files/OpenJDK/jdk-14/bin:/mnt/c/Users/mw/AppData/Local/Microsoft/WindowsApps:/mnt/c/Users/mw/AppData/Local/Google/Cloud SDK/google-cloud-sdk/bin:/mnt/c/Users/mw/go/bin:/mnt/c/tools/protobuff/bin:/mnt/c/tools/terraform:/mnt/c/tools/dart-sdk/bin:/mnt/c/tools/flutter/bin:/mnt/c/Users/mw/AppData/Roaming/Pub/Cache/bin:/mnt/c/Program Files/JetBrains/GoLand 2019.1.3/bin:/mnt/c/Users/mw/AppData/Local/Programs/Microsoft VS Code Insiders/bin:/mnt/c/Users/mw/AppData/Local/Microsoft/WindowsApps:/mnt/c/Users/mw/AppData/Local/Yarn/bin:/mnt/c/Program Files (x86)/GitHub CLI/:/mnt/c/Users/mw/AppData/Roaming/npm

Yarn version: 
  1.19.1

Node version: 
  10.17.0

Platform: 
  linux x64

Trace: 
  Error: canceled
      at Interface.<anonymous> (/home/mw/.nvm/versions/node/v10.17.0/lib/node_modules/yarn/lib/cli.js:136824:13)
      at Interface.emit (events.js:198:13)
      at Interface._ttyWrite (readline.js:801:16)
      at ReadStream.onkeypress (readline.js:184:10)
      at ReadStream.emit (events.js:198:13)
      at emitKeys (internal/readline.js:424:14)
      at emitKeys.next (<anonymous>)
      at ReadStream.onData (readline.js:1073:36)
      at ReadStream.emit (events.js:198:13)
      at addChunk (_stream_readable.js:287:12)

npm manifest: 
  No manifest

yarn manifest: 
  No manifest

Lockfile: 
  No lockfile
